<?xml version="1.0" encoding="UTF-8"?>
<!-- Generated by org.testng.reporters.JUnitReportReporter -->
<testsuite skipped="0" hostname="DESKTOP-GRSEJ99" name="CucumberOptions.TestRunner" tests="1" failures="0" timestamp="2020-06-01T18:46:42 IST" time="47.377" errors="0">
  <testcase name="feature" time="47.377" classname="CucumberOptions.TestRunner"/>
  <system-out/>
</testsuite> <!-- CucumberOptions.TestRunner -->
