<?xml version="1.0" encoding="UTF-8"?>
<!-- Generated by org.testng.reporters.JUnitReportReporter -->
<testsuite skipped="1" hostname="DESKTOP-GRSEJ99" name="Framework.firstFramework.ValidateTitle" tests="2" failures="0" timestamp="2020-05-31T20:53:31 IST" time="0.011" errors="1">
  <testcase name="initialize" time="0.011" classname="Framework.firstFramework.ValidateTitle">
    <error type="java.lang.NullPointerException">
      <![CDATA[java.lang.NullPointerException
at Resources.BaseClass.initializeDriver(BaseClass.java:32)
at Framework.firstFramework.ValidateTitle.initialize(ValidateTitle.java:23)
at sun.reflect.NativeMethodAccessorImpl.invoke0(Native Method)
at sun.reflect.NativeMethodAccessorImpl.invoke(Unknown Source)
at sun.reflect.DelegatingMethodAccessorImpl.invoke(Unknown Source)
at java.lang.reflect.Method.invoke(Unknown Source)
at org.testng.internal.MethodInvocationHelper.invokeMethod(MethodInvocationHelper.java:134)
at org.testng.internal.MethodInvocationHelper.invokeMethodConsideringTimeout(MethodInvocationHelper.java:63)
at org.testng.internal.ConfigInvoker.invokeConfigurationMethod(ConfigInvoker.java:348)
at org.testng.internal.ConfigInvoker.invokeConfigurations(ConfigInvoker.java:302)
at org.testng.TestRunner.invokeTestConfigurations(TestRunner.java:619)
at org.testng.TestRunner.beforeRun(TestRunner.java:609)
at org.testng.TestRunner.run(TestRunner.java:580)
at org.testng.SuiteRunner.runTest(SuiteRunner.java:384)
at org.testng.SuiteRunner.access$000(SuiteRunner.java:28)
at org.testng.SuiteRunner$SuiteWorker.run(SuiteRunner.java:425)
at org.testng.internal.thread.ThreadUtil.lambda$execute$0(ThreadUtil.java:68)
at java.util.concurrent.FutureTask.run(Unknown Source)
at java.util.concurrent.ThreadPoolExecutor.runWorker(Unknown Source)
at java.util.concurrent.ThreadPoolExecutor$Worker.run(Unknown Source)
at java.lang.Thread.run(Unknown Source)
]]>
    </error>
  </testcase> <!-- initialize -->
  <system-out/>
  <testcase name="basePageNavigation" time="0.000" classname="Framework.firstFramework.ValidateTitle">
    <skipped/>
  </testcase> <!-- basePageNavigation -->
  <system-out/>
</testsuite> <!-- Framework.firstFramework.ValidateTitle -->
