<?xml version="1.0" encoding="UTF-8"?>
<!-- Generated by org.testng.reporters.JUnitReportReporter -->
<testsuite skipped="0" hostname="DESKTOP-GRSEJ99" name="Framework.firstFramework.HomePageTest" tests="2" failures="0" timestamp="2020-05-31T20:54:57 IST" time="29.563" errors="0">
  <testcase name="basePageNavigation" time="21.525" classname="Framework.firstFramework.HomePageTest"/>
  <system-out/>
  <testcase name="basePageNavigation" time="8.038" classname="Framework.firstFramework.HomePageTest"/>
  <system-out/>
</testsuite> <!-- Framework.firstFramework.HomePageTest -->
