<?xml version="1.0" encoding="UTF-8"?>
<!-- Generated by org.testng.reporters.JUnitReportReporter -->
<testsuite skipped="0" hostname="DESKTOP-GRSEJ99" name="Framework.firstFramework.HomePageTest" tests="2" failures="0" timestamp="2020-05-31T20:38:56 IST" time="24.606" errors="0">
  <testcase name="basePageNavigation" time="8.405" classname="Framework.firstFramework.HomePageTest"/>
  <system-out/>
  <testcase name="basePageNavigation" time="16.201" classname="Framework.firstFramework.HomePageTest"/>
  <system-out/>
</testsuite> <!-- Framework.firstFramework.HomePageTest -->
